
> kurosearch-v3@0.0.1 lint
> prettier --check . && eslint .

Checking formatting...
All matched files use Prettier code style!

D:\Projects\kurosearch-v3\src\app.d.ts
  111:10  error  'TagType' is not defined  no-undef

D:\Projects\kurosearch-v3\src\lib\components\kurosearch\dialog-edit-supertag\EditSupertagDialog.svelte
  12:23  error  'kurosearch' is not defined  no-undef

D:\Projects\kurosearch-v3\src\lib\components\kurosearch\fullscreen-post\FullscreenDetails.svelte
  11:19  error  'kurosearch' is not defined  no-undef
  25:24  error  'kurosearch' is not defined  no-undef

D:\Projects\kurosearch-v3\src\lib\components\kurosearch\fullscreen-post\FullscreenImage.svelte
  13:19  error  'kurosearch' is not defined  no-undef

D:\Projects\kurosearch-v3\src\lib\components\kurosearch\fullscreen-post\FullscreenMedia.svelte
  5:19  error  'kurosearch' is not defined  no-undef

D:\Projects\kurosearch-v3\src\lib\components\kurosearch\fullscreen-post\FullscreenPreview.svelte
  4:19  error  'kurosearch' is not defined  no-undef

D:\Projects\kurosearch-v3\src\lib\components\kurosearch\fullscreen-post\FullscreenVideo.svelte
  8:19  error  'kurosearch' is not defined  no-undef

D:\Projects\kurosearch-v3\src\lib\components\kurosearch\media-gif\Gif.svelte
  9:19  error  'kurosearch' is not defined  no-undef

D:\Projects\kurosearch-v3\src\lib\components\kurosearch\modifier-select\ModifierSelect.svelte
  5:23  error  'kurosearch' is not defined  no-undef

D:\Projects\kurosearch-v3\src\lib\components\kurosearch\post-comment\Comment.svelte
  4:22  error  'kurosearch' is not defined  no-undef

D:\Projects\kurosearch-v3\src\lib\components\kurosearch\post-comment\Comments.svelte
  8:19  error  'kurosearch' is not defined  no-undef

D:\Projects\kurosearch-v3\src\lib\components\kurosearch\post-summary\Summary.svelte
  9:19  error  'kurosearch' is not defined  no-undef

D:\Projects\kurosearch-v3\src\lib\components\kurosearch\post\MosaicPost.svelte
  7:19  error  'kurosearch' is not defined  no-undef

D:\Projects\kurosearch-v3\src\lib\components\kurosearch\post\SingleColumnPost.svelte
  19:19  error  'kurosearch' is not defined  no-undef

D:\Projects\kurosearch-v3\src\lib\components\kurosearch\rating\Rating.svelte
  2:20  error  'kurosearch' is not defined  no-undef

D:\Projects\kurosearch-v3\src\lib\components\kurosearch\results\ZeroResults.svelte
  17:15  error  'kurosearch' is not defined  no-undef
  18:26  error  'kurosearch' is not defined  no-undef
  19:20  error  'kurosearch' is not defined  no-undef
  24:55  error  'kurosearch' is not defined  no-undef

D:\Projects\kurosearch-v3\src\lib\components\kurosearch\searchbar\Searchbar.svelte
  15:69  error  'kurosearch' is not defined               no-undef
  19:29  error  'kurosearch' is not defined               no-undef
  21:16  error  'kurosearch' is not defined               no-undef
  26:23  error  'kurosearch' is not defined               no-undef
  38:28  error  'kurosearch' is not defined               no-undef
  49:38  error  Unexpected any. Specify a different type  @typescript-eslint/no-explicit-any
  55:20  error  Unexpected any. Specify a different type  @typescript-eslint/no-explicit-any
  60:38  error  Unexpected any. Specify a different type  @typescript-eslint/no-explicit-any

D:\Projects\kurosearch-v3\src\lib\components\kurosearch\searchbar\Suggestion.svelte
  8:25  error  'kurosearch' is not defined  no-undef

D:\Projects\kurosearch-v3\src\lib\components\kurosearch\sort-filter-config\SortFilterConfig.svelte
  10:37  error  Unexpected any. Specify a different type  @typescript-eslint/no-explicit-any
  10:50  error  Unexpected any. Specify a different type  @typescript-eslint/no-explicit-any

D:\Projects\kurosearch-v3\src\lib\components\kurosearch\sort-filter-config\sortfilter.ts
   4:2   error  'kurosearch' is not defined  no-undef
   5:9   error  'kurosearch' is not defined  no-undef
  44:58  error  'kurosearch' is not defined  no-undef
  49:40  error  'kurosearch' is not defined  no-undef
  53:10  error  'kurosearch' is not defined  no-undef
  55:19  error  'kurosearch' is not defined  no-undef
  64:12  error  'kurosearch' is not defined  no-undef
  65:13  error  'kurosearch' is not defined  no-undef

D:\Projects\kurosearch-v3\src\lib\components\kurosearch\supertag\Supertag.svelte
  10:23  error  'kurosearch' is not defined  no-undef

D:\Projects\kurosearch-v3\src\lib\components\kurosearch\tag-detailed\DetailedTag.svelte
  6:18  error  'kurosearch' is not defined  no-undef

D:\Projects\kurosearch-v3\src\lib\components\kurosearch\tag-list\ActiveTagList.svelte
  10:25  error  'kurosearch' is not defined  no-undef
  10:50  error  'kurosearch' is not defined  no-undef

D:\Projects\kurosearch-v3\src\lib\components\kurosearch\tag-list\PostDetailsTagList.svelte
  5:19  error  'kurosearch' is not defined  no-undef

D:\Projects\kurosearch-v3\src\lib\components\kurosearch\tag-modified\ModifiedTag.svelte
  5:18  error  'kurosearch' is not defined  no-undef

D:\Projects\kurosearch-v3\src\lib\components\kurosearch\tag-simple\SimpleTag.svelte
  5:18  error  'kurosearch' is not defined  no-undef

D:\Projects\kurosearch-v3\src\lib\components\pure\smart-image\PreviewedImage.svelte
  9:19  error  'kurosearch' is not defined  no-undef

D:\Projects\kurosearch-v3\src\lib\indexeddb\idb.ts
  39:42  error  'kurosearch' is not defined  no-undef
  53:60  error  'kurosearch' is not defined  no-undef

D:\Projects\kurosearch-v3\src\lib\logic\api-client\comments\comments.test.ts
   7:1   error  Include a description after the "@ts-expect-error" directive to explain why the @ts-expect-error is necessary. The description must be 3 characters or longer  @typescript-eslint/ban-ts-comment
   8:16  error  'vi' is not defined                                                                                                                                            no-undef
  17:4   error  Include a description after the "@ts-expect-error" directive to explain why the @ts-expect-error is necessary. The description must be 3 characters or longer  @typescript-eslint/ban-ts-comment
  22:4   error  Include a description after the "@ts-expect-error" directive to explain why the @ts-expect-error is necessary. The description must be 3 characters or longer  @typescript-eslint/ban-ts-comment
  23:19  error  'vi' is not defined                                                                                                                                            no-undef
  28:4   error  Include a description after the "@ts-expect-error" directive to explain why the @ts-expect-error is necessary. The description must be 3 characters or longer  @typescript-eslint/ban-ts-comment
  29:19  error  'vi' is not defined                                                                                                                                            no-undef
  42:4   error  Include a description after the "@ts-expect-error" directive to explain why the @ts-expect-error is necessary. The description must be 3 characters or longer  @typescript-eslint/ban-ts-comment
  43:19  error  'vi' is not defined                                                                                                                                            no-undef
  57:4   error  Include a description after the "@ts-expect-error" directive to explain why the @ts-expect-error is necessary. The description must be 3 characters or longer  @typescript-eslint/ban-ts-comment
  58:19  error  'vi' is not defined                                                                                                                                            no-undef
  72:4   error  Include a description after the "@ts-expect-error" directive to explain why the @ts-expect-error is necessary. The description must be 3 characters or longer  @typescript-eslint/ban-ts-comment
  73:19  error  'vi' is not defined                                                                                                                                            no-undef
  93:4   error  Include a description after the "@ts-expect-error" directive to explain why the @ts-expect-error is necessary. The description must be 3 characters or longer  @typescript-eslint/ban-ts-comment
  94:19  error  'vi' is not defined                                                                                                                                            no-undef

D:\Projects\kurosearch-v3\src\lib\logic\api-client\fetchAbortPrevious.test.ts
   7:1   error  Include a description after the "@ts-expect-error" directive to explain why the @ts-expect-error is necessary. The description must be 3 characters or longer  @typescript-eslint/ban-ts-comment
   8:16  error  'vi' is not defined                                                                                                                                            no-undef
  16:4   error  Include a description after the "@ts-expect-error" directive to explain why the @ts-expect-error is necessary. The description must be 3 characters or longer  @typescript-eslint/ban-ts-comment
  21:4   error  Include a description after the "@ts-expect-error" directive to explain why the @ts-expect-error is necessary. The description must be 3 characters or longer  @typescript-eslint/ban-ts-comment
  32:4   error  Include a description after the "@ts-expect-error" directive to explain why the @ts-expect-error is necessary. The description must be 3 characters or longer  @typescript-eslint/ban-ts-comment
  37:4   error  Include a description after the "@ts-expect-error" directive to explain why the @ts-expect-error is necessary. The description must be 3 characters or longer  @typescript-eslint/ban-ts-comment
  44:3   error  Include a description after the "@ts-expect-error" directive to explain why the @ts-expect-error is necessary. The description must be 3 characters or longer  @typescript-eslint/ban-ts-comment
  45:20  error  'vi' is not defined                                                                                                                                            no-undef
  51:3   error  Include a description after the "@ts-expect-error" directive to explain why the @ts-expect-error is necessary. The description must be 3 characters or longer  @typescript-eslint/ban-ts-comment
  52:20  error  'vi' is not defined                                                                                                                                            no-undef

D:\Projects\kurosearch-v3\src\lib\logic\api-client\posts\posts.test.ts
  14:4   error  Include a description after the "@ts-expect-error" directive to explain why the @ts-expect-error is necessary. The description must be 3 characters or longer  @typescript-eslint/ban-ts-comment
  15:19  error  'vi' is not defined                                                                                                                                            no-undef
  20:4   error  Include a description after the "@ts-expect-error" directive to explain why the @ts-expect-error is necessary. The description must be 3 characters or longer  @typescript-eslint/ban-ts-comment
  21:19  error  'vi' is not defined                                                                                                                                            no-undef

D:\Projects\kurosearch-v3\src\lib\logic\api-client\posts\posts.ts
    7:35  error  'kurosearch' is not defined               no-undef
   25:26  error  Unexpected any. Specify a different type  @typescript-eslint/no-explicit-any
   27:40  error  'kurosearch' is not defined               no-undef
   91:26  error  'r34' is not defined                      no-undef
   91:37  error  'kurosearch' is not defined               no-undef
  119:21  error  'kurosearch' is not defined               no-undef
  131:32  error  'r34' is not defined                      no-undef
  131:44  error  'kurosearch' is not defined               no-undef
  135:41  error  'kurosearch' is not defined               no-undef
  139:41  error  'r34' is not defined                      no-undef
  139:51  error  'kurosearch' is not defined               no-undef
  145:40  error  'kurosearch' is not defined               no-undef
  151:34  error  'kurosearch' is not defined               no-undef
  151:53  error  'kurosearch' is not defined               no-undef
  185:43  error  'kurosearch' is not defined               no-undef

D:\Projects\kurosearch-v3\src\lib\logic\api-client\tags\tags.ts
   8:64  error  'kurosearch' is not defined  no-undef
  35:12  error  'kurosearch' is not defined  no-undef
  62:38  error  'r34' is not defined         no-undef
  62:55  error  'kurosearch' is not defined  no-undef
  72:39  error  'kurosearch' is not defined  no-undef
  88:36  error  'kurosearch' is not defined  no-undef
  89:15  error  'kurosearch' is not defined  no-undef

D:\Projects\kurosearch-v3\src\lib\logic\blocking-group-data.ts
   1:44  error  'kurosearch' is not defined  no-undef
  11:42  error  'kurosearch' is not defined  no-undef

D:\Projects\kurosearch-v3\src\lib\logic\feature-support.ts
  20:2  error  Include a description after the "@ts-expect-error" directive to explain why the @ts-expect-error is necessary. The description must be 3 characters or longer  @typescript-eslint/ban-ts-comment

D:\Projects\kurosearch-v3\src\lib\logic\file-utils.ts
  24:14  error  Promise executor functions should not be async  no-async-promise-executor
  33:26  error  Unexpected any. Specify a different type        @typescript-eslint/no-explicit-any
  39:26  error  Unexpected any. Specify a different type        @typescript-eslint/no-explicit-any

D:\Projects\kurosearch-v3\src\lib\logic\firebase\storage.ts
   36:44  error  Unexpected any. Specify a different type  @typescript-eslint/no-explicit-any
   54:21  error  'kurosearch' is not defined               no-undef
   62:36  error  'kurosearch' is not defined               no-undef
   75:40  error  'kurosearch' is not defined               no-undef
  104:58  error  Unexpected any. Specify a different type  @typescript-eslint/no-explicit-any
  104:74  error  'kurosearch' is not defined               no-undef

D:\Projects\kurosearch-v3\src\lib\logic\format-tag.spec.ts
  16:4  error  Include a description after the "@ts-expect-error" directive to explain why the @ts-expect-error is necessary. The description must be 3 characters or longer  @typescript-eslint/ban-ts-comment
  24:4  error  Include a description after the "@ts-expect-error" directive to explain why the @ts-expect-error is necessary. The description must be 3 characters or longer  @typescript-eslint/ban-ts-comment

D:\Projects\kurosearch-v3\src\lib\logic\media-utils.ts
  9:30  error  'kurosearch' is not defined  no-undef

D:\Projects\kurosearch-v3\src\lib\logic\modifier-utils.ts
  3:40  error  'kurosearch' is not defined  no-undef

D:\Projects\kurosearch-v3\src\lib\logic\search-builder.ts
   6:8   error  'kurosearch' is not defined  no-undef
   7:13  error  'kurosearch' is not defined  no-undef
   8:18  error  'kurosearch' is not defined  no-undef
   9:16  error  'kurosearch' is not defined  no-undef
  10:17  error  'kurosearch' is not defined  no-undef
  12:10  error  'kurosearch' is not defined  no-undef
  13:19  error  'kurosearch' is not defined  no-undef
  41:17  error  'kurosearch' is not defined  no-undef
  46:27  error  'kurosearch' is not defined  no-undef
  51:33  error  'kurosearch' is not defined  no-undef
  56:35  error  'kurosearch' is not defined  no-undef
  66:39  error  'kurosearch' is not defined  no-undef
  71:21  error  'kurosearch' is not defined  no-undef
  76:44  error  'kurosearch' is not defined  no-undef
  79:30  error  'kurosearch' is not defined  no-undef

D:\Projects\kurosearch-v3\src\lib\logic\share-utils.spec.ts
  7:24  error  'kurosearch' is not defined  no-undef

D:\Projects\kurosearch-v3\src\lib\logic\share-utils.ts
   6:48  error  'kurosearch' is not defined  no-undef
  12:43  error  'kurosearch' is not defined  no-undef
  16:42  error  'kurosearch' is not defined  no-undef

D:\Projects\kurosearch-v3\src\lib\logic\tag-serialization.spec.ts
  51:16  error  'kurosearch' is not defined  no-undef

D:\Projects\kurosearch-v3\src\lib\logic\tag-serialization.ts
   3:42  error  'kurosearch' is not defined  no-undef
   7:45  error  'kurosearch' is not defined  no-undef
  10:47  error  'kurosearch' is not defined  no-undef
  22:8   error  'kurosearch' is not defined  no-undef
  23:16  error  'kurosearch' is not defined  no-undef
  24:17  error  'kurosearch' is not defined  no-undef
  26:10  error  'kurosearch' is not defined  no-undef
  27:19  error  'kurosearch' is not defined  no-undef
  28:18  error  'kurosearch' is not defined  no-undef
  29:13  error  'kurosearch' is not defined  no-undef
  53:22  error  'kurosearch' is not defined  no-undef
  66:30  error  'kurosearch' is not defined  no-undef
  68:40  error  'kurosearch' is not defined  no-undef
  69:27  error  'kurosearch' is not defined  no-undef
  69:51  error  'kurosearch' is not defined  no-undef

D:\Projects\kurosearch-v3\src\lib\logic\tag-type-data.ts
  12:6   error  'kurosearch' is not defined  no-undef
  14:51  error  'kurosearch' is not defined  no-undef
  24:43  error  'kurosearch' is not defined  no-undef

D:\Projects\kurosearch-v3\src\lib\logic\tag-utils.ts
   2:12  error  'kurosearch' is not defined  no-undef
   5:8   error  'kurosearch' is not defined  no-undef
   6:4   error  'kurosearch' is not defined  no-undef
  16:8   error  'kurosearch' is not defined  no-undef
  17:4   error  'kurosearch' is not defined  no-undef
  26:8   error  'kurosearch' is not defined  no-undef
  27:4   error  'kurosearch' is not defined  no-undef
  34:12  error  'kurosearch' is not defined  no-undef
  36:4   error  'kurosearch' is not defined  no-undef

D:\Projects\kurosearch-v3\src\lib\logic\url-parsing.ts
    7:8   error  'kurosearch' is not defined  no-undef
   63:26  error  'kurosearch' is not defined  no-undef
   64:28  error  'kurosearch' is not defined  no-undef
   86:32  error  'kurosearch' is not defined  no-undef
   93:45  error  'kurosearch' is not defined  no-undef
  111:8   error  'kurosearch' is not defined  no-undef

D:\Projects\kurosearch-v3\src\lib\store\active-supertags-store.ts
   7:9   error  'kurosearch' is not defined  no-undef
  13:23  error  'kurosearch' is not defined  no-undef

D:\Projects\kurosearch-v3\src\lib\store\active-tags-store.ts
   8:9   error  'kurosearch' is not defined  no-undef
  14:23  error  'kurosearch' is not defined  no-undef
  26:14  error  'kurosearch' is not defined  no-undef
  30:16  error  'kurosearch' is not defined  no-undef

D:\Projects\kurosearch-v3\src\lib\store\filter-store.ts
  6:19  error  'kurosearch' is not defined  no-undef
  7:10  error  'kurosearch' is not defined  no-undef

D:\Projects\kurosearch-v3\src\lib\store\results-store.ts
   5:9   error  'kurosearch' is not defined  no-undef
  50:17  error  'kurosearch' is not defined  no-undef

D:\Projects\kurosearch-v3\src\lib\store\sort-store.ts
  5:12  error  'kurosearch' is not defined  no-undef
  6:13  error  'kurosearch' is not defined  no-undef

D:\Projects\kurosearch-v3\src\lib\store\supertags-store.ts
   6:9   error  'kurosearch' is not defined  no-undef
  20:17  error  'kurosearch' is not defined  no-undef
  26:20  error  'kurosearch' is not defined  no-undef
  32:37  error  'kurosearch' is not defined  no-undef

D:\Projects\kurosearch-v3\src\routes\+page.svelte
  22:9  error  'LynxMain' is defined but never used. Allowed unused vars must match /^_/u  @typescript-eslint/no-unused-vars

D:\Projects\kurosearch-v3\src\routes\SearchForm.svelte
  35:25  error  'kurosearch' is not defined  no-undef

D:\Projects\kurosearch-v3\src\routes\about\+page.svelte
  20:3  error  Include a description after the "@ts-expect-error" directive to explain why the @ts-expect-error is necessary. The description must be 3 characters or longer  @typescript-eslint/ban-ts-comment

D:\Projects\kurosearch-v3\src\routes\account\+page.svelte
  32:39  error  Unexpected any. Specify a different type  @typescript-eslint/no-explicit-any

D:\Projects\kurosearch-v3\src\routes\query\+page.svelte
  26:25  error  'kurosearch' is not defined  no-undef

D:\Projects\kurosearch-v3\src\routes\test\+page.svelte
  29:20  error  'kurosearch' is not defined  no-undef
  30:16  error  'kurosearch' is not defined  no-undef

 192 problems (192 errors, 0 warnings)

